Arguments: 
  /Users/christophermdadabo/.nvm/versions/node/v10.14.2/bin/node /Users/christophermdadabo/.yarn/bin/yarn.js start

PATH: 
  /Users/christophermdadabo/.yarn/bin:/Users/christophermdadabo/.config/yarn/global/node_modules/.bin:/Users/christophermdadabo/.nvm/versions/node/v10.14.2/bin:/usr/local/sbin:/usr/local/sbin:/usr/local/bin:/usr/bin:/bin:/usr/sbin:/sbin:/opt/X11/bin:/usr/local/git/bin

Yarn version: 
  1.5.1

Node version: 
  10.14.2

Platform: 
  darwin x64

npm manifest: 
  No manifest

yarn manifest: 
  No manifest

Lockfile: 
  No lockfile

Trace: 
  Error: Couldn't find a package.json file in "/Users/christophermdadabo/github/saintodilo.org"
      at new MessageError (/Users/christophermdadabo/.yarn/lib/cli.js:186:110)
      at /Users/christophermdadabo/.yarn/lib/cli.js:40048:15
      at Generator.next (<anonymous>)
      at step (/Users/christophermdadabo/.yarn/lib/cli.js:98:30)
      at /Users/christophermdadabo/.yarn/lib/cli.js:109:13
